<?xml version="1.0" encoding="UTF-8"?>
<!-- Generated by org.testng.reporters.JUnitReportReporter -->
<testsuite skipped="0" hostname="LAPTOP-31LP4DQN" name="tests.hotelBookingTest" tests="1" failures="0" timestamp="15 Jul 2019 16:37:27 GMT" time="16.985" errors="0">
  <testcase name="e2ETest" time="16.985" classname="tests.hotelBookingTest"/>
</testsuite> <!-- tests.hotelBookingTest -->
