<?xml version="1.0" encoding="UTF-8"?>
<!-- Generated by org.testng.reporters.JUnitReportReporter -->
<testsuite skipped="0" hostname="LAPTOP-31LP4DQN" name="tests.LoginTests" tests="1" failures="0" timestamp="11 Jun 2019 23:23:52 GMT" time="3.560" errors="0">
  <testcase name="invalidLoginTest_InvalidUserNameInvalidPassword" time="3.560" classname="tests.LoginTests"/>
</testsuite> <!-- tests.LoginTests -->
